
> backend@1.0.0 dev
> ts-node src/index.ts


C:\Users\TFF_DEAD\Desktop\Car_Rental\Backend>

C:\Users\TFF_DEAD\Desktop\Car_Rental\Backend>

C:\Users\TFF_DEAD\Desktop\Car_Rental\Backend>

C:\Users\TFF_DEAD\Desktop\Car_Rental\Backend>

C:\Users\TFF_DEAD\Desktop\Car_Rental\Backend>

C:\Users\TFF_DEAD\Desktop\Car_Rental\Backend>
> backend@1.0.0 build
> tsc


C:\Users\TFF_DEAD\Desktop\Car_Rental\Backend>

C:\Users\TFF_DEAD\Desktop\Car_Rental\Backend>

C:\Users\TFF_DEAD\Desktop\Car_Rental\Backend>
> backend@1.0.0 dev
> ts-node src/index.ts

C:\Users\TFF_DEAD\Desktop\Car_Rental\Backend\node_modules\@prisma\client\src\runtime\getPrismaClient.ts:259
        throw new PrismaClientInitializationError(
              ^
PrismaClientInitializationError: `PrismaClient` needs to be constructed with a non-empty, valid `PrismaClientOptions`:

```
new PrismaClient({
  ...
})
```

or

```
constructor() {
  super({ ... });
}
```
          
    at new t (C:\Users\TFF_DEAD\Desktop\Car_Rental\Backend\node_modules\@prisma\client\src\runtime\getPrismaClient.ts:259:15)
    at Object.<anonymous> (C:\Users\TFF_DEAD\Desktop\Car_Rental\Backend\src\graphql\resolvers\userResolvers.ts:4:16)
    at Module._compile (node:internal/modules/cjs/loader:1706:14)
    at node:internal/modules/cjs/loader:1839:10
    at Object.require.extensions.<computed> [as .js] (C:\Users\TFF_DEAD\Desktop\Car_Rental\Backend\node_modules\ts-node\src\index.ts:1608:43)
    at Module.load (node:internal/modules/cjs/loader:1441:32)
    at Function._load (node:internal/modules/cjs/loader:1263:12)
    at TracingChannel.traceSync (node:diagnostics_channel:328:14)
    at wrapModuleLoad (node:internal/modules/cjs/loader:237:24)
    at Module.require (node:internal/modules/cjs/loader:1463:12) {
  clientVersion: '7.2.0',
  errorCode: undefined,
  retryable: undefined
}

C:\Users\TFF_DEAD\Desktop\Car_Rental\Backend>
C:\Users\TFF_DEAD\Desktop\Car_Rental\Backend>

C:\Users\TFF_DEAD\Desktop\Car_Rental\Backend>"Server not ready yet"

C:\Users\TFF_DEAD\Desktop\Car_Rental\Backend>

C:\Users\TFF_DEAD\Desktop\Car_Rental\Backend> Volume in drive C has no label.
 Volume Serial Number is EE2C-85C4

 Directory of C:\Users\TFF_DEAD\Desktop\Car_Rental\Backend

File Not Found

C:\Users\TFF_DEAD\Desktop\Car_Rental\Backend>Loaded Prisma config from prisma.config.ts.

Prisma schema loaded from prisma\schema.prisma.
Error: The datasource.url property is required in your Prisma config file when using prisma db push.

C:\Users\TFF_DEAD\Desktop\Car_Rental\Backend>

C:\Users\TFF_DEAD\Desktop\Car_Rental\Backend>Loaded Prisma config from prisma.config.ts.

Prisma schema loaded from prisma\schema.prisma.
Error: The datasource.url property is required in your Prisma config file when using prisma db push.

C:\Users\TFF_DEAD\Desktop\Car_Rental\Backend>