
> backend@1.0.0 dev
> ts-node src/index.ts

C:\Users\TFF_DEAD\Desktop\Car_Rental\Backend\node_modules\@prisma\client\src\runtime\getPrismaClient.ts:259
        throw new PrismaClientInitializationError(
              ^
PrismaClientInitializationError: `PrismaClient` needs to be constructed with a non-empty, valid `PrismaClientOptions`:

```
new PrismaClient({
  ...
})
```

or

```
constructor() {
  super({ ... });
}
```
          
    at new t (C:\Users\TFF_DEAD\Desktop\Car_Rental\Backend\node_modules\@prisma\client\src\runtime\getPrismaClient.ts:259:15)
    at Object.<anonymous> (C:\Users\TFF_DEAD\Desktop\Car_Rental\Backend\src\graphql\resolvers\userResolvers.ts:4:16)
    at Module._compile (node:internal/modules/cjs/loader:1706:14)
    at node:internal/modules/cjs/loader:1839:10
    at Object.require.extensions.<computed> [as .js] (C:\Users\TFF_DEAD\Desktop\Car_Rental\Backend\node_modules\ts-node\src\index.ts:1608:43)
    at Module.load (node:internal/modules/cjs/loader:1441:32)
    at Function._load (node:internal/modules/cjs/loader:1263:12)
    at TracingChannel.traceSync (node:diagnostics_channel:328:14)
    at wrapModuleLoad (node:internal/modules/cjs/loader:237:24)
    at Module.require (node:internal/modules/cjs/loader:1463:12) {
  clientVersion: '7.2.0',
  errorCode: undefined,
  retryable: undefined
}

C:\Users\TFF_DEAD\Desktop\Car_Rental\Backend>
> backend@1.0.0 generate
> prisma generate

Loaded Prisma config from prisma.config.ts.

Prisma schema loaded from prisma\schema.prisma.

✔ Generated Prisma Client (v7.2.0) to .\node_modules\@prisma\client in 338ms

Start by importing your Prisma Client (See: https://pris.ly/d/importing-client)

Tip: Want to turn off tips and other hints? https://pris.ly/tip-4-nohints


C:\Users\TFF_DEAD\Desktop\Car_Rental\Backend>C:\Users\TFF_DEAD\Desktop\Car_Rental\Backend\node_modules\@prisma\client\src\runtime\getPrismaClient.ts:259
        throw new PrismaClientInitializationError(
              ^
PrismaClientInitializationError: `PrismaClient` needs to be constructed with a non-empty, valid `PrismaClientOptions`:

```
new PrismaClient({
  ...
})
```

or

```
constructor() {
  super({ ... });
}
```
          
    at new t (C:\Users\TFF_DEAD\Desktop\Car_Rental\Backend\node_modules\@prisma\client\src\runtime\getPrismaClient.ts:259:15)
    at Object.<anonymous> (C:\Users\TFF_DEAD\Desktop\Car_Rental\Backend\src\graphql\resolvers\userResolvers.ts:4:16)
    at Module._compile (node:internal/modules/cjs/loader:1706:14)
    at node:internal/modules/cjs/loader:1839:10
    at Object.require.extensions.<computed> [as .js] (C:\Users\TFF_DEAD\Desktop\Car_Rental\Backend\node_modules\ts-node\src\index.ts:1608:43)
    at Module.load (node:internal/modules/cjs/loader:1441:32)
    at Function._load (node:internal/modules/cjs/loader:1263:12)
    at TracingChannel.traceSync (node:diagnostics_channel:328:14)
    at wrapModuleLoad (node:internal/modules/cjs/loader:237:24)
    at Module.require (node:internal/modules/cjs/loader:1463:12) {
  clientVersion: '7.2.0',
  errorCode: undefined,
  retryable: undefined
}

C:\Users\TFF_DEAD\Desktop\Car_Rental\Backend>

C:\Users\TFF_DEAD\Desktop\Car_Rental\Backend>npm warn deprecated inflight@1.0.6: This module is not supported, and leaks memory. Do not use it. Check out lru-cache if you want a good and tested way to coalesce async requests by a key value, which is much more comprehensive and powerful.
npm warn deprecated @npmcli/move-file@1.1.2: This functionality has been moved to @npmcli/fs
npm warn deprecated rimraf@3.0.2: Rimraf versions prior to v4 are no longer supported
npm warn deprecated npmlog@6.0.2: This package is no longer supported.
npm warn deprecated glob@7.2.3: Glob versions prior to v9 are no longer supported
npm warn deprecated are-we-there-yet@3.0.1: This package is no longer supported.
npm warn deprecated gauge@4.0.4: This package is no longer supported.

added 114 packages, and audited 421 packages in 41s

50 packages are looking for funding
  run `npm fund` for details

found 0 vulnerabilities

C:\Users\TFF_DEAD\Desktop\Car_Rental\Backend>